TN:
SF:D:\-EMTE-\State Exam\tunde-part\frontend\sapi3dtour\.postcssrc.js
FNF:0
FNH:0
DA:3,0
LF:1
LH:0
BRF:0
BRH:0
end_of_record
TN:
SF:D:\-EMTE-\State Exam\tunde-part\frontend\sapi3dtour\build\build.js
FN:17,(anonymous_0)
FN:19,(anonymous_1)
FNF:2
FNH:0
FNDA:0,(anonymous_0)
FNDA:0,(anonymous_1)
DA:2,0
DA:4,0
DA:6,0
DA:7,0
DA:8,0
DA:9,0
DA:10,0
DA:11,0
DA:12,0
DA:14,0
DA:15,0
DA:17,0
DA:18,0
DA:19,0
DA:20,0
DA:21,0
DA:22,0
DA:30,0
DA:31,0
DA:32,0
DA:35,0
DA:36,0
LF:22
LH:0
BRDA:18,0,0,0
BRDA:18,0,1,0
BRDA:21,1,0,0
BRDA:21,1,1,0
BRDA:30,2,0,0
BRDA:30,2,1,0
BRF:6
BRH:0
end_of_record
TN:
SF:D:\-EMTE-\State Exam\tunde-part\frontend\sapi3dtour\build\check-versions.js
FN:7,exec
FN:27,(anonymous_1)
FNF:2
FNH:0
FNDA:0,exec
FNDA:0,(anonymous_1)
DA:2,0
DA:3,0
DA:4,0
DA:5,0
DA:8,0
DA:11,0
DA:19,0
DA:20,0
DA:27,0
DA:28,0
DA:30,0
DA:31,0
DA:33,0
DA:34,0
DA:41,0
DA:42,0
DA:43,0
DA:44,0
DA:46,0
DA:47,0
DA:48,0
DA:51,0
DA:52,0
LF:23
LH:0
BRDA:19,0,0,0
BRDA:19,0,1,0
BRDA:33,1,0,0
BRDA:33,1,1,0
BRDA:41,2,0,0
BRDA:41,2,1,0
BRF:6
BRH:0
end_of_record
TN:
SF:D:\-EMTE-\State Exam\tunde-part\frontend\sapi3dtour\build\utils.js
FN:7,(anonymous_1)
FN:15,(anonymous_2)
FN:33,generateLoaders
FN:70,(anonymous_4)
FN:85,(anonymous_5)
FN:88,(anonymous_6)
FNF:6
FNH:0
FNDA:0,(anonymous_1)
FNDA:0,(anonymous_2)
FNDA:0,generateLoaders
FNDA:0,(anonymous_4)
FNDA:0,(anonymous_5)
FNDA:0,(anonymous_6)
DA:2,0
DA:3,0
DA:4,0
DA:5,0
DA:7,0
DA:8,0
DA:12,0
DA:15,0
DA:16,0
DA:18,0
DA:25,0
DA:34,0
DA:36,0
DA:37,0
DA:47,0
DA:48,0
DA:53,0
DA:58,0
DA:70,0
DA:71,0
DA:72,0
DA:74,0
DA:75,0
DA:76,0
DA:82,0
DA:85,0
DA:86,0
DA:88,0
DA:89,0
DA:91,0
DA:92,0
DA:94,0
LF:32
LH:0
BRDA:9,0,0,0
BRDA:9,0,1,0
BRDA:16,1,0,0
BRDA:16,1,1,0
BRDA:34,2,0,0
BRDA:34,2,1,0
BRDA:36,3,0,0
BRDA:36,3,1,0
BRDA:47,4,0,0
BRDA:47,4,1,0
BRDA:89,5,0,0
BRDA:89,5,1,0
BRDA:92,6,0,0
BRDA:92,6,1,0
BRDA:97,7,0,0
BRDA:97,7,1,0
BRF:16
BRH:0
end_of_record
TN:
SF:D:\-EMTE-\State Exam\tunde-part\frontend\sapi3dtour\build\vue-loader.conf.js
FNF:0
FNH:0
DA:2,0
DA:3,0
DA:4,0
DA:5,0
DA:9,0
LF:5
LH:0
BRDA:6,0,0,0
BRDA:6,0,1,0
BRF:2
BRH:0
end_of_record
TN:
SF:D:\-EMTE-\State Exam\tunde-part\frontend\sapi3dtour\build\webpack.base.conf.js
FN:7,resolve
FNF:1
FNH:0
FNDA:0,resolve
DA:2,0
DA:3,0
DA:4,0
DA:5,0
DA:8,0
DA:13,0
LF:6
LH:0
BRDA:22,0,0,0
BRDA:22,0,1,0
BRF:2
BRH:0
end_of_record
TN:
SF:D:\-EMTE-\State Exam\tunde-part\frontend\sapi3dtour\build\webpack.dev.conf.js
FN:71,(anonymous_1)
FN:73,(anonymous_2)
FNF:2
FNH:0
FNDA:0,(anonymous_1)
FNDA:0,(anonymous_2)
DA:2,0
DA:3,0
DA:4,0
DA:5,0
DA:6,0
DA:7,0
DA:8,0
DA:9,0
DA:10,0
DA:11,0
DA:13,0
DA:14,0
DA:16,0
DA:71,0
DA:72,0
DA:73,0
DA:74,0
DA:75,0
DA:78,0
DA:80,0
DA:83,0
DA:92,0
LF:22
LH:0
BRDA:14,0,0,0
BRDA:14,0,1,0
BRDA:34,1,0,0
BRDA:34,1,1,0
BRDA:35,2,0,0
BRDA:35,2,1,0
BRDA:38,3,0,0
BRDA:38,3,1,0
BRDA:72,4,0,0
BRDA:72,4,1,0
BRDA:74,5,0,0
BRDA:74,5,1,0
BRDA:88,6,0,0
BRDA:88,6,1,0
BRF:14
BRH:0
end_of_record
TN:
SF:D:\-EMTE-\State Exam\tunde-part\frontend\sapi3dtour\build\webpack.prod.conf.js
FN:86,minChunks
FNF:1
FNH:0
FNDA:0,minChunks
DA:2,0
DA:3,0
DA:4,0
DA:5,0
DA:6,0
DA:7,0
DA:8,0
DA:9,0
DA:10,0
DA:11,0
DA:12,0
DA:14,0
DA:18,0
DA:90,0
DA:126,0
DA:127,0
DA:129,0
DA:144,0
DA:145,0
DA:146,0
DA:149,0
LF:21
LH:0
BRDA:15,0,0,0
BRDA:15,0,1,0
BRDA:26,1,0,0
BRDA:26,1,1,0
BRDA:59,2,0,0
BRDA:59,2,1,0
BRDA:67,3,0,0
BRDA:67,3,1,0
BRDA:91,4,0,0
BRDA:91,4,1,0
BRDA:91,4,2,0
BRDA:126,5,0,0
BRDA:126,5,1,0
BRDA:144,6,0,0
BRDA:144,6,1,0
BRF:15
BRH:0
end_of_record
TN:
SF:D:\-EMTE-\State Exam\tunde-part\frontend\sapi3dtour\config\dev.env.js
FNF:0
FNH:0
DA:2,0
DA:3,0
DA:5,0
LF:3
LH:0
BRF:0
BRH:0
end_of_record
TN:
SF:D:\-EMTE-\State Exam\tunde-part\frontend\sapi3dtour\config\index.js
FNF:0
FNH:0
DA:5,0
DA:7,0
LF:2
LH:0
BRF:0
BRH:0
end_of_record
TN:
SF:D:\-EMTE-\State Exam\tunde-part\frontend\sapi3dtour\config\prod.env.js
FNF:0
FNH:0
DA:2,0
LF:1
LH:0
BRF:0
BRH:0
end_of_record
TN:
SF:D:\-EMTE-\State Exam\tunde-part\frontend\sapi3dtour\config\test.env.js
FNF:0
FNH:0
DA:2,0
DA:3,0
DA:5,0
LF:3
LH:0
BRF:0
BRH:0
end_of_record
TN:
SF:D:\-EMTE-\State Exam\tunde-part\frontend\sapi3dtour\coverage\lcov-report\prettify.js
FN:1,(anonymous_0)
FN:1,k
FN:1,ab
FN:1,T
FN:1,X
FN:1,(anonymous_5)
FN:1,W
FN:1,(anonymous_7)
FN:1,a
FN:1,aa
FN:1,B
FN:1,o
FN:1,g
FN:1,(anonymous_13)
FN:1,W
FN:1,i
FN:1,Q
FN:1,ae
FN:1,ad
FN:1,ai
FN:1,D
FN:1,c
FN:1,q
FN:1,d
FN:1,y
FN:1,b
FN:1,Y
FN:1,now
FN:1,U
FNF:29
FNH:0
FNDA:0,(anonymous_0)
FNDA:0,k
FNDA:0,ab
FNDA:0,T
FNDA:0,X
FNDA:0,(anonymous_5)
FNDA:0,W
FNDA:0,(anonymous_7)
FNDA:0,a
FNDA:0,aa
FNDA:0,B
FNDA:0,o
FNDA:0,g
FNDA:0,(anonymous_13)
FNDA:0,W
FNDA:0,i
FNDA:0,Q
FNDA:0,ae
FNDA:0,ad
FNDA:0,ai
FNDA:0,D
FNDA:0,c
FNDA:0,q
FNDA:0,d
FNDA:0,y
FNDA:0,b
FNDA:0,Y
FNDA:0,now
FNDA:0,U
DA:1,0
LF:1
LH:0
BRDA:1,0,0,0
BRDA:1,0,1,0
BRDA:1,1,0,0
BRDA:1,1,1,0
BRDA:1,2,0,0
BRDA:1,2,1,0
BRDA:1,3,0,0
BRDA:1,3,1,0
BRDA:1,4,0,0
BRDA:1,4,1,0
BRDA:1,5,0,0
BRDA:1,5,1,0
BRDA:1,6,0,0
BRDA:1,6,1,0
BRDA:1,7,0,0
BRDA:1,7,1,0
BRDA:1,8,0,0
BRDA:1,8,1,0
BRDA:1,9,0,0
BRDA:1,9,1,0
BRDA:1,10,0,0
BRDA:1,10,1,0
BRDA:1,11,0,0
BRDA:1,11,1,0
BRDA:1,11,2,0
BRDA:1,11,3,0
BRDA:1,12,0,0
BRDA:1,12,1,0
BRDA:1,13,0,0
BRDA:1,13,1,0
BRDA:1,14,0,0
BRDA:1,14,1,0
BRDA:1,15,0,0
BRDA:1,15,1,0
BRDA:1,16,0,0
BRDA:1,16,1,0
BRDA:1,17,0,0
BRDA:1,17,1,0
BRDA:1,18,0,0
BRDA:1,18,1,0
BRDA:1,19,0,0
BRDA:1,19,1,0
BRDA:1,20,0,0
BRDA:1,20,1,0
BRDA:1,21,0,0
BRDA:1,21,1,0
BRDA:1,22,0,0
BRDA:1,22,1,0
BRDA:1,23,0,0
BRDA:1,23,1,0
BRDA:1,24,0,0
BRDA:1,24,1,0
BRDA:1,25,0,0
BRDA:1,25,1,0
BRDA:1,26,0,0
BRDA:1,26,1,0
BRDA:1,27,0,0
BRDA:1,27,1,0
BRDA:1,28,0,0
BRDA:1,28,1,0
BRDA:1,29,0,0
BRDA:1,29,1,0
BRDA:1,30,0,0
BRDA:1,30,1,0
BRDA:1,31,0,0
BRDA:1,31,1,0
BRDA:1,32,0,0
BRDA:1,32,1,0
BRDA:1,33,0,0
BRDA:1,33,1,0
BRDA:1,34,0,0
BRDA:1,34,1,0
BRDA:1,35,0,0
BRDA:1,35,1,0
BRDA:1,36,0,0
BRDA:1,36,1,0
BRDA:1,37,0,0
BRDA:1,37,1,0
BRDA:1,38,0,0
BRDA:1,38,1,0
BRDA:1,39,0,0
BRDA:1,39,1,0
BRDA:1,40,0,0
BRDA:1,40,1,0
BRDA:1,41,0,0
BRDA:1,41,1,0
BRDA:1,42,0,0
BRDA:1,42,1,0
BRDA:1,43,0,0
BRDA:1,43,1,0
BRDA:1,44,0,0
BRDA:1,44,1,0
BRDA:1,45,0,0
BRDA:1,45,1,0
BRDA:1,46,0,0
BRDA:1,46,1,0
BRDA:1,47,0,0
BRDA:1,47,1,0
BRDA:1,48,0,0
BRDA:1,48,1,0
BRDA:1,49,0,0
BRDA:1,49,1,0
BRDA:1,49,2,0
BRDA:1,50,0,0
BRDA:1,50,1,0
BRDA:1,51,0,0
BRDA:1,51,1,0
BRDA:1,52,0,0
BRDA:1,52,1,0
BRDA:1,53,0,0
BRDA:1,53,1,0
BRDA:1,54,0,0
BRDA:1,54,1,0
BRDA:1,55,0,0
BRDA:1,55,1,0
BRDA:1,56,0,0
BRDA:1,56,1,0
BRDA:1,57,0,0
BRDA:1,57,1,0
BRDA:1,58,0,0
BRDA:1,58,1,0
BRDA:1,59,0,0
BRDA:1,59,1,0
BRDA:1,60,0,0
BRDA:1,60,1,0
BRDA:1,61,0,0
BRDA:1,61,1,0
BRDA:1,62,0,0
BRDA:1,62,1,0
BRDA:1,63,0,0
BRDA:1,63,1,0
BRDA:1,64,0,0
BRDA:1,64,1,0
BRDA:1,65,0,0
BRDA:1,65,1,0
BRDA:1,66,0,0
BRDA:1,66,1,0
BRDA:1,67,0,0
BRDA:1,67,1,0
BRDA:1,68,0,0
BRDA:1,68,1,0
BRDA:1,69,0,0
BRDA:1,69,1,0
BRDA:1,70,0,0
BRDA:1,70,1,0
BRDA:1,71,0,0
BRDA:1,71,1,0
BRDA:1,72,0,0
BRDA:1,72,1,0
BRDA:1,73,0,0
BRDA:1,73,1,0
BRDA:1,74,0,0
BRDA:1,74,1,0
BRDA:1,75,0,0
BRDA:1,75,1,0
BRDA:1,76,0,0
BRDA:1,76,1,0
BRDA:1,77,0,0
BRDA:1,77,1,0
BRDA:1,78,0,0
BRDA:1,78,1,0
BRDA:1,79,0,0
BRDA:1,79,1,0
BRDA:1,80,0,0
BRDA:1,80,1,0
BRDA:1,81,0,0
BRDA:1,81,1,0
BRDA:1,82,0,0
BRDA:1,82,1,0
BRDA:1,83,0,0
BRDA:1,83,1,0
BRDA:1,84,0,0
BRDA:1,84,1,0
BRDA:1,85,0,0
BRDA:1,85,1,0
BRDA:1,86,0,0
BRDA:1,86,1,0
BRDA:1,87,0,0
BRDA:1,87,1,0
BRDA:1,88,0,0
BRDA:1,88,1,0
BRDA:1,88,2,0
BRDA:1,89,0,0
BRDA:1,89,1,0
BRDA:1,90,0,0
BRDA:1,90,1,0
BRDA:1,91,0,0
BRDA:1,91,1,0
BRDA:1,92,0,0
BRDA:1,92,1,0
BRDA:1,93,0,0
BRDA:1,93,1,0
BRDA:1,94,0,0
BRDA:1,94,1,0
BRDA:1,95,0,0
BRDA:1,95,1,0
BRDA:1,96,0,0
BRDA:1,96,1,0
BRDA:1,97,0,0
BRDA:1,97,1,0
BRDA:1,98,0,0
BRDA:1,98,1,0
BRDA:1,99,0,0
BRDA:1,99,1,0
BRDA:1,100,0,0
BRDA:1,100,1,0
BRDA:1,101,0,0
BRDA:1,101,1,0
BRDA:1,102,0,0
BRDA:1,102,1,0
BRDA:1,103,0,0
BRDA:1,103,1,0
BRDA:1,104,0,0
BRDA:1,104,1,0
BRDA:1,105,0,0
BRDA:1,105,1,0
BRDA:1,106,0,0
BRDA:1,106,1,0
BRDA:1,107,0,0
BRDA:1,107,1,0
BRDA:1,108,0,0
BRDA:1,108,1,0
BRDA:1,109,0,0
BRDA:1,109,1,0
BRDA:1,110,0,0
BRDA:1,110,1,0
BRDA:1,111,0,0
BRDA:1,111,1,0
BRDA:1,112,0,0
BRDA:1,112,1,0
BRDA:1,113,0,0
BRDA:1,113,1,0
BRDA:1,114,0,0
BRDA:1,114,1,0
BRDA:1,115,0,0
BRDA:1,115,1,0
BRDA:1,116,0,0
BRDA:1,116,1,0
BRDA:1,117,0,0
BRDA:1,117,1,0
BRDA:1,118,0,0
BRDA:1,118,1,0
BRDA:1,119,0,0
BRDA:1,119,1,0
BRDA:1,120,0,0
BRDA:1,120,1,0
BRDA:1,121,0,0
BRDA:1,121,1,0
BRDA:1,122,0,0
BRDA:1,122,1,0
BRDA:1,123,0,0
BRDA:1,123,1,0
BRDA:1,124,0,0
BRDA:1,124,1,0
BRDA:1,125,0,0
BRDA:1,125,1,0
BRDA:1,126,0,0
BRDA:1,126,1,0
BRDA:1,127,0,0
BRDA:1,127,1,0
BRDA:1,127,2,0
BRDA:1,128,0,0
BRDA:1,128,1,0
BRDA:1,129,0,0
BRDA:1,129,1,0
BRDA:1,130,0,0
BRDA:1,130,1,0
BRDA:1,130,2,0
BRDA:1,130,3,0
BRDA:1,130,4,0
BRDA:1,131,0,0
BRDA:1,131,1,0
BRDA:1,132,0,0
BRDA:1,132,1,0
BRDA:1,133,0,0
BRDA:1,133,1,0
BRDA:1,134,0,0
BRDA:1,134,1,0
BRDA:1,135,0,0
BRDA:1,135,1,0
BRDA:1,136,0,0
BRDA:1,136,1,0
BRDA:1,137,0,0
BRDA:1,137,1,0
BRF:284
BRH:0
end_of_record
TN:
SF:D:\-EMTE-\State Exam\tunde-part\frontend\sapi3dtour\coverage\lcov-report\sorter.js
FN:1,(anonymous_0)
FN:10,getTable
FN:12,getTableHeader
FN:14,getTableBody
FN:16,getNthColumn
FN:19,loadColumns
FN:43,loadRowData
FN:62,loadData
FN:71,sortByIndex
FN:73,sorter
FN:85,finalSorter
FN:102,removeSortIndicators
FN:110,addSortIndicators
FN:114,enableUI
FN:117,ithSorter
FN:120,(anonymous_15)
FN:147,(anonymous_16)
FNF:17
FNH:0
FNDA:0,(anonymous_0)
FNDA:0,getTable
FNDA:0,getTableHeader
FNDA:0,getTableBody
FNDA:0,getNthColumn
FNDA:0,loadColumns
FNDA:0,loadRowData
FNDA:0,loadData
FNDA:0,sortByIndex
FNDA:0,sorter
FNDA:0,finalSorter
FNDA:0,removeSortIndicators
FNDA:0,addSortIndicators
FNDA:0,enableUI
FNDA:0,ithSorter
FNDA:0,(anonymous_15)
FNDA:0,(anonymous_16)
DA:1,0
DA:4,0
DA:10,0
DA:12,0
DA:14,0
DA:16,0
DA:20,0
DA:22,0
DA:26,0
DA:27,0
DA:28,0
DA:33,0
DA:34,0
DA:35,0
DA:36,0
DA:39,0
DA:44,0
DA:47,0
DA:50,0
DA:51,0
DA:52,0
DA:53,0
DA:54,0
DA:55,0
DA:57,0
DA:59,0
DA:63,0
DA:66,0
DA:67,0
DA:72,0
DA:73,0
DA:74,0
DA:75,0
DA:76,0
DA:78,0
DA:79,0
DA:80,0
DA:81,0
DA:84,0
DA:85,0
DA:86,0
DA:90,0
DA:91,0
DA:92,0
DA:95,0
DA:97,0
DA:98,0
DA:103,0
DA:104,0
DA:106,0
DA:107,0
DA:111,0
DA:117,0
DA:118,0
DA:120,0
DA:121,0
DA:123,0
DA:124,0
DA:126,0
DA:127,0
DA:128,0
DA:129,0
DA:130,0
DA:133,0
DA:134,0
DA:137,0
DA:138,0
DA:139,0
DA:141,0
DA:147,0
DA:148,0
DA:149,0
DA:151,0
DA:152,0
DA:153,0
DA:154,0
DA:158,0
LF:77
LH:0
BRDA:31,0,0,0
BRDA:31,0,1,0
BRDA:34,1,0,0
BRDA:34,1,1,0
BRDA:54,2,0,0
BRDA:54,2,1,0
BRDA:76,3,0,0
BRDA:76,3,1,0
BRDA:76,4,0,0
BRDA:76,4,1,0
BRDA:84,5,0,0
BRDA:84,5,1,0
BRDA:111,6,0,0
BRDA:111,6,1,0
BRDA:123,7,0,0
BRDA:123,7,1,0
BRDA:134,8,0,0
BRDA:134,8,1,0
BRDA:138,9,0,0
BRDA:138,9,1,0
BRDA:148,10,0,0
BRDA:148,10,1,0
BRF:22
BRH:0
end_of_record
TN:
SF:D:\-EMTE-\State Exam\tunde-part\frontend\sapi3dtour\src\App.vue
FN:14,data
FNF:1
FNH:0
FNDA:0,data
DA:14,0
LF:1
LH:0
BRF:0
BRH:0
end_of_record
TN:
SF:D:\-EMTE-\State Exam\tunde-part\frontend\sapi3dtour\src\MyTestComponent1.vue
FN:20,data
FN:30,hasMovie
FNF:2
FNH:0
FNDA:0,data
FNDA:0,hasMovie
DA:14,0
DA:21,0
DA:31,0
LF:3
LH:0
BRF:0
BRH:0
end_of_record
TN:
SF:D:\-EMTE-\State Exam\tunde-part\frontend\sapi3dtour\src\MyTestComponent3.vue
FN:10,data
FN:18,timeLeft
FN:22,mounted
FN:23,(anonymous_4)
FN:28,beforeDestroy
FN:32,destroyed
FNF:6
FNH:0
FNDA:0,data
FNDA:0,timeLeft
FNDA:0,mounted
FNDA:0,(anonymous_4)
FNDA:0,beforeDestroy
FNDA:0,destroyed
DA:11,0
DA:19,0
DA:22,0
DA:23,0
DA:24,0
DA:25,0
DA:29,0
DA:30,0
DA:33,0
LF:9
LH:0
BRDA:25,0,0,0
BRDA:25,0,1,0
BRF:2
BRH:0
end_of_record
TN:
SF:D:\-EMTE-\State Exam\tunde-part\frontend\sapi3dtour\src\main.js
FNF:0
FNH:0
DA:3,0
DA:4,0
DA:5,0
DA:6,0
DA:7,0
DA:8,0
DA:11,0
DA:14,0
LF:8
LH:0
BRF:0
BRH:0
end_of_record
TN:
SF:D:\-EMTE-\State Exam\tunde-part\frontend\sapi3dtour\src\components\Admin.vue
FN:32,data
FNF:1
FNH:0
FNDA:0,data
DA:24,0
DA:25,0
DA:26,0
DA:27,0
DA:28,0
DA:33,0
LF:6
LH:0
BRF:0
BRH:0
end_of_record
TN:
SF:D:\-EMTE-\State Exam\tunde-part\frontend\sapi3dtour\src\components\Department.vue
FN:13,data
FN:19,getDepartment
FN:21,(anonymous_4)
FN:23,(anonymous_5)
FN:28,mounted
FNF:5
FNH:0
FNDA:0,data
FNDA:0,getDepartment
FNDA:0,(anonymous_4)
FNDA:0,(anonymous_5)
FNDA:0,mounted
DA:8,0
DA:9,0
DA:14,0
DA:20,0
DA:21,0
DA:22,0
DA:24,0
DA:30,0
LF:8
LH:0
BRF:0
BRH:0
end_of_record
TN:
SF:D:\-EMTE-\State Exam\tunde-part\frontend\sapi3dtour\src\components\LogOut.vue
FN:12,data
FN:18,logOut
FNF:2
FNH:0
FNDA:0,data
FNDA:0,logOut
DA:13,0
DA:19,0
DA:20,0
DA:21,0
DA:22,0
LF:5
LH:0
BRF:0
BRH:0
end_of_record
TN:
SF:D:\-EMTE-\State Exam\tunde-part\frontend\sapi3dtour\src\components\Model3d.vue
FN:138,data
FN:203,stepedLeft
FN:207,stepedUp
FN:211,stepedRight
FN:215,stepedDown
FN:219,roadUpload
FN:220,(anonymous_8)
FN:221,(anonymous_9)
FN:229,walkingSetUp
FN:275,stepCloser
FN:289,animation
FN:314,walkingWithAnimation
FN:332,walkingWithWarping
FN:348,logCoordinates
FNF:14
FNH:0
FNDA:0,data
FNDA:0,stepedLeft
FNDA:0,stepedUp
FNDA:0,stepedRight
FNDA:0,stepedDown
FNDA:0,roadUpload
FNDA:0,(anonymous_8)
FNDA:0,(anonymous_9)
FNDA:0,walkingSetUp
FNDA:0,stepCloser
FNDA:0,animation
FNDA:0,walkingWithAnimation
FNDA:0,walkingWithWarping
FNDA:0,logCoordinates
DA:117,0
DA:118,0
DA:139,0
DA:205,0
DA:209,0
DA:213,0
DA:217,0
DA:219,0
DA:220,0
DA:221,0
DA:222,0
DA:223,0
DA:230,0
DA:232,0
DA:234,0
DA:235,0
DA:236,0
DA:237,0
DA:239,0
DA:240,0
DA:241,0
DA:242,0
DA:244,0
DA:245,0
DA:246,0
DA:247,0
DA:249,0
DA:250,0
DA:251,0
DA:252,0
DA:254,0
DA:255,0
DA:256,0
DA:257,0
DA:259,0
DA:260,0
DA:261,0
DA:262,0
DA:264,0
DA:265,0
DA:266,0
DA:269,0
DA:270,0
DA:271,0
DA:276,0
DA:277,0
DA:279,0
DA:280,0
DA:282,0
DA:289,0
DA:291,0
DA:297,0
DA:301,0
DA:305,0
DA:309,0
DA:311,0
DA:314,0
DA:317,0
DA:322,0
DA:325,0
DA:326,0
DA:327,0
DA:328,0
DA:333,0
DA:335,0
DA:336,0
DA:337,0
DA:338,0
DA:341,0
DA:342,0
DA:343,0
DA:344,0
DA:345,0
DA:349,0
LF:74
LH:0
BRDA:222,0,0,0
BRDA:222,0,1,0
BRDA:233,1,0,0
BRDA:233,1,1,0
BRDA:233,1,2,0
BRDA:233,1,3,0
BRDA:233,1,4,0
BRDA:233,1,5,0
BRDA:233,1,6,0
BRDA:276,2,0,0
BRDA:276,2,1,0
BRDA:279,3,0,0
BRDA:279,3,1,0
BRDA:289,4,0,0
BRDA:289,4,1,0
BRDA:289,4,2,0
BRDA:289,4,3,0
BRDA:289,4,4,0
BRDA:289,4,5,0
BRDA:289,5,0,0
BRDA:289,5,1,0
BRDA:314,6,0,0
BRDA:314,6,1,0
BRDA:314,6,2,0
BRDA:314,6,3,0
BRDA:314,6,4,0
BRDA:314,6,5,0
BRDA:314,6,6,0
BRDA:314,6,7,0
BRDA:314,7,0,0
BRDA:314,7,1,0
BRDA:333,8,0,0
BRDA:333,8,1,0
BRF:33
BRH:0
end_of_record
TN:
SF:D:\-EMTE-\State Exam\tunde-part\frontend\sapi3dtour\src\components\Password.vue
FN:80,data
FN:94,passwordAdd
FN:95,(anonymous_4)
FN:103,(anonymous_5)
FN:107,(anonymous_6)
FN:111,(anonymous_7)
FNF:6
FNH:0
FNDA:0,data
FNDA:0,passwordAdd
FNDA:0,(anonymous_4)
FNDA:0,(anonymous_5)
FNDA:0,(anonymous_6)
FNDA:0,(anonymous_7)
DA:75,0
DA:76,0
DA:81,0
DA:94,0
DA:95,0
DA:100,0
DA:101,0
DA:102,0
DA:103,0
DA:105,0
DA:106,0
DA:108,0
DA:109,0
DA:110,0
DA:111,0
LF:15
LH:0
BRF:0
BRH:0
end_of_record
TN:
SF:D:\-EMTE-\State Exam\tunde-part\frontend\sapi3dtour\src\components\RootEvery.vue
FN:48,data
FNF:1
FNH:0
FNDA:0,data
DA:43,0
DA:49,0
LF:2
LH:0
BRF:0
BRH:0
end_of_record
TN:
SF:D:\-EMTE-\State Exam\tunde-part\frontend\sapi3dtour\src\components\RootUsers.vue
FN:73,data
FN:85,getUserData
FN:87,(anonymous_4)
FN:96,mounted
FNF:4
FNH:0
FNDA:0,data
FNDA:0,getUserData
FNDA:0,(anonymous_4)
FNDA:0,mounted
DA:64,0
DA:66,0
DA:67,0
DA:68,0
DA:74,0
DA:85,0
DA:86,0
DA:87,0
DA:88,0
DA:89,0
DA:90,0
DA:91,0
DA:92,0
DA:97,0
LF:14
LH:0
BRF:0
BRH:0
end_of_record
TN:
SF:D:\-EMTE-\State Exam\tunde-part\frontend\sapi3dtour\src\components\dialogs\ChangeUserDataDialog.vue
FN:52,data
FN:67,settingData
FN:80,getUserData
FN:82,(anonymous_5)
FN:89,validateData
FN:94,updateUser
FN:96,(anonymous_8)
FN:104,(anonymous_9)
FN:105,(anonymous_10)
FN:111,mounted
FNF:10
FNH:0
FNDA:0,data
FNDA:0,settingData
FNDA:0,getUserData
FNDA:0,(anonymous_5)
FNDA:0,validateData
FNDA:0,updateUser
FNDA:0,(anonymous_8)
FNDA:0,(anonymous_9)
FNDA:0,(anonymous_10)
FNDA:0,mounted
DA:47,0
DA:48,0
DA:53,0
DA:69,0
DA:70,0
DA:71,0
DA:72,0
DA:73,0
DA:74,0
DA:75,0
DA:76,0
DA:77,0
DA:78,0
DA:80,0
DA:81,0
DA:82,0
DA:83,0
DA:84,0
DA:85,0
DA:86,0
DA:90,0
DA:91,0
DA:94,0
DA:95,0
DA:96,0
DA:102,0
DA:103,0
DA:104,0
DA:106,0
DA:107,0
DA:112,0
DA:113,0
LF:32
LH:0
BRDA:90,0,0,0
BRDA:90,0,1,0
BRF:2
BRH:0
end_of_record
TN:
SF:D:\-EMTE-\State Exam\tunde-part\frontend\sapi3dtour\src\components\dialogs\LoginDialog.vue
FN:56,data
FN:71,toAdmin
FN:73,(anonymous_4)
FN:78,validateUser
FN:83,loginUser
FN:85,(anonymous_7)
FN:90,(anonymous_8)
FN:99,(anonymous_9)
FN:101,(anonymous_10)
FN:107,(anonymous_11)
FNF:10
FNH:0
FNDA:0,data
FNDA:0,toAdmin
FNDA:0,(anonymous_4)
FNDA:0,validateUser
FNDA:0,loginUser
FNDA:0,(anonymous_7)
FNDA:0,(anonymous_8)
FNDA:0,(anonymous_9)
FNDA:0,(anonymous_10)
FNDA:0,(anonymous_11)
DA:52,0
DA:57,0
DA:71,0
DA:72,0
DA:73,0
DA:74,0
DA:79,0
DA:80,0
DA:83,0
DA:84,0
DA:85,0
DA:89,0
DA:90,0
DA:91,0
DA:95,0
DA:96,0
DA:97,0
DA:98,0
DA:100,0
DA:101,0
DA:102,0
DA:107,0
LF:22
LH:0
BRDA:79,0,0,0
BRDA:79,0,1,0
BRDA:97,1,0,0
BRDA:97,1,1,0
BRF:4
BRH:0
end_of_record
TN:
SF:D:\-EMTE-\State Exam\tunde-part\frontend\sapi3dtour\src\components\dialogs\UserDataDialog.vue
FN:27,data
FN:38,getUserData
FN:40,(anonymous_4)
FN:49,mounted
FNF:4
FNH:0
FNDA:0,data
FNDA:0,getUserData
FNDA:0,(anonymous_4)
FNDA:0,mounted
DA:21,0
DA:22,0
DA:28,0
DA:38,0
DA:39,0
DA:40,0
DA:41,0
DA:42,0
DA:43,0
DA:44,0
DA:45,0
DA:50,0
LF:12
LH:0
BRF:0
BRH:0
end_of_record
TN:
SF:D:\-EMTE-\State Exam\tunde-part\frontend\sapi3dtour\src\components\fittings\BranchesList.vue
FN:65,data
FNF:1
FNH:0
FNDA:0,data
DA:66,0
LF:1
LH:0
BRF:0
BRH:0
end_of_record
TN:
SF:D:\-EMTE-\State Exam\tunde-part\frontend\sapi3dtour\src\components\fittings\DepartmentCard.vue
FN:49,data
FN:56,getBranches
FN:59,(anonymous_4)
FN:71,(anonymous_5)
FN:75,getOtherBranches
FN:78,(anonymous_7)
FN:89,(anonymous_8)
FN:93,takeToThere
FN:113,mounted
FNF:9
FNH:0
FNDA:0,data
FNDA:0,getBranches
FNDA:0,(anonymous_4)
FNDA:0,(anonymous_5)
FNDA:0,getOtherBranches
FNDA:0,(anonymous_7)
FNDA:0,(anonymous_8)
FNDA:0,takeToThere
FNDA:0,mounted
DA:41,0
DA:42,0
DA:43,0
DA:50,0
DA:57,0
DA:58,0
DA:63,0
DA:65,0
DA:69,0
DA:72,0
DA:76,0
DA:77,0
DA:82,0
DA:84,0
DA:87,0
DA:90,0
DA:95,0
DA:97,0
DA:98,0
DA:100,0
DA:101,0
DA:103,0
DA:104,0
DA:106,0
DA:107,0
DA:109,0
DA:115,0
DA:116,0
LF:28
LH:0
BRDA:63,0,0,0
BRDA:63,0,1,0
BRDA:82,1,0,0
BRDA:82,1,1,0
BRDA:96,2,0,0
BRDA:96,2,1,0
BRDA:96,2,2,0
BRDA:96,2,3,0
BRDA:96,2,4,0
BRF:9
BRH:0
end_of_record
TN:
SF:D:\-EMTE-\State Exam\tunde-part\frontend\sapi3dtour\src\components\fittings\OthersBranchList.vue
FN:62,data
FN:72,elementsArrayUpload
FN:80,linkOrText
FN:83,(anonymous_4)
FN:112,mounted
FNF:5
FNH:0
FNDA:0,data
FNDA:0,elementsArrayUpload
FNDA:0,linkOrText
FNDA:0,(anonymous_4)
FNDA:0,mounted
DA:63,0
DA:74,0
DA:75,0
DA:76,0
DA:77,0
DA:78,0
DA:81,0
DA:82,0
DA:83,0
DA:84,0
DA:86,0
DA:88,0
DA:90,0
DA:91,0
DA:95,0
DA:97,0
DA:99,0
DA:100,0
DA:105,0
DA:107,0
DA:114,0
DA:115,0
LF:22
LH:0
BRDA:84,0,0,0
BRDA:84,0,1,0
BRDA:87,1,0,0
BRDA:87,1,1,0
BRDA:88,2,0,0
BRDA:88,2,1,0
BRDA:105,3,0,0
BRDA:105,3,1,0
BRF:8
BRH:0
end_of_record
TN:
SF:D:\-EMTE-\State Exam\tunde-part\frontend\sapi3dtour\src\components\userTasks\InfDepAdd.vue
FN:42,data
FN:53,validateData
FN:58,newDepartment
FN:60,(anonymous_5)
FN:67,(anonymous_6)
FN:68,(anonymous_7)
FN:73,(anonymous_8)
FNF:7
FNH:0
FNDA:0,data
FNDA:0,validateData
FNDA:0,newDepartment
FNDA:0,(anonymous_5)
FNDA:0,(anonymous_6)
FNDA:0,(anonymous_7)
FNDA:0,(anonymous_8)
DA:38,0
DA:43,0
DA:54,0
DA:55,0
DA:59,0
DA:60,0
DA:64,0
DA:65,0
DA:66,0
DA:67,0
DA:69,0
DA:70,0
DA:71,0
DA:72,0
DA:73,0
LF:15
LH:0
BRDA:54,0,0,0
BRDA:54,0,1,0
BRF:2
BRH:0
end_of_record
TN:
SF:D:\-EMTE-\State Exam\tunde-part\frontend\sapi3dtour\src\components\userTasks\InfDepAddUpd.vue
FN:22,data
FNF:1
FNH:0
FNDA:0,data
DA:16,0
DA:17,0
DA:23,0
LF:3
LH:0
BRF:0
BRH:0
end_of_record
TN:
SF:D:\-EMTE-\State Exam\tunde-part\frontend\sapi3dtour\src\components\userTasks\InfDepUpd.vue
FN:54,data
FN:68,getDepartments
FN:73,(anonymous_4)
FN:75,(anonymous_5)
FN:79,researchDepartment
FN:82,(anonymous_7)
FN:90,(anonymous_8)
FN:98,updateDepartment
FN:101,(anonymous_10)
FN:112,(anonymous_11)
FN:114,(anonymous_12)
FN:119,(anonymous_13)
FN:124,mounted
FNF:13
FNH:0
FNDA:0,data
FNDA:0,getDepartments
FNDA:0,(anonymous_4)
FNDA:0,(anonymous_5)
FNDA:0,researchDepartment
FNDA:0,(anonymous_7)
FNDA:0,(anonymous_8)
FNDA:0,updateDepartment
FNDA:0,(anonymous_10)
FNDA:0,(anonymous_11)
FNDA:0,(anonymous_12)
FNDA:0,(anonymous_13)
FNDA:0,mounted
DA:50,0
DA:55,0
DA:68,0
DA:69,0
DA:70,0
DA:71,0
DA:72,0
DA:73,0
DA:74,0
DA:76,0
DA:79,0
DA:80,0
DA:82,0
DA:85,0
DA:86,0
DA:87,0
DA:88,0
DA:89,0
DA:91,0
DA:92,0
DA:93,0
DA:94,0
DA:99,0
DA:100,0
DA:107,0
DA:108,0
DA:109,0
DA:110,0
DA:111,0
DA:112,0
DA:113,0
DA:115,0
DA:116,0
DA:117,0
DA:118,0
DA:119,0
DA:120,0
DA:125,0
LF:38
LH:0
BRDA:80,0,0,0
BRDA:80,0,1,0
BRF:2
BRH:0
end_of_record
TN:
SF:D:\-EMTE-\State Exam\tunde-part\frontend\sapi3dtour\src\components\userTasks\addUsers.vue
FN:58,data
FN:74,validateUser
FN:79,registration
FN:80,(anonymous_5)
FN:90,(anonymous_6)
FN:92,(anonymous_7)
FN:96,(anonymous_8)
FNF:7
FNH:0
FNDA:0,data
FNDA:0,validateUser
FNDA:0,registration
FNDA:0,(anonymous_5)
FNDA:0,(anonymous_6)
FNDA:0,(anonymous_7)
FNDA:0,(anonymous_8)
DA:52,0
DA:53,0
DA:59,0
DA:75,0
DA:76,0
DA:79,0
DA:80,0
DA:86,0
DA:87,0
DA:88,0
DA:89,0
DA:90,0
DA:93,0
DA:94,0
DA:95,0
DA:96,0
LF:16
LH:0
BRDA:75,0,0,0
BRDA:75,0,1,0
BRF:2
BRH:0
end_of_record
TN:
SF:D:\-EMTE-\State Exam\tunde-part\frontend\sapi3dtour\src\components\userTasks\deleteUser.vue
FN:61,data
FN:76,getUsersEmail
FN:77,(anonymous_4)
FN:79,(anonymous_5)
FN:83,researchUser
FN:86,(anonymous_7)
FN:104,(anonymous_8)
FN:112,deleteUser
FN:113,(anonymous_10)
FN:121,(anonymous_11)
FN:130,mounted
FNF:11
FNH:0
FNDA:0,data
FNDA:0,getUsersEmail
FNDA:0,(anonymous_4)
FNDA:0,(anonymous_5)
FNDA:0,researchUser
FNDA:0,(anonymous_7)
FNDA:0,(anonymous_8)
FNDA:0,deleteUser
FNDA:0,(anonymous_10)
FNDA:0,(anonymous_11)
FNDA:0,mounted
DA:57,0
DA:62,0
DA:76,0
DA:77,0
DA:78,0
DA:80,0
DA:83,0
DA:84,0
DA:86,0
DA:89,0
DA:90,0
DA:91,0
DA:92,0
DA:93,0
DA:94,0
DA:95,0
DA:96,0
DA:98,0
DA:99,0
DA:100,0
DA:101,0
DA:102,0
DA:105,0
DA:106,0
DA:107,0
DA:108,0
DA:112,0
DA:113,0
DA:116,0
DA:117,0
DA:118,0
DA:119,0
DA:120,0
DA:122,0
DA:123,0
DA:124,0
DA:125,0
DA:126,0
DA:131,0
LF:39
LH:0
BRDA:84,0,0,0
BRDA:84,0,1,0
BRDA:96,1,0,0
BRDA:96,1,1,0
BRF:4
BRH:0
end_of_record
TN:
SF:D:\-EMTE-\State Exam\tunde-part\frontend\sapi3dtour\src\components\userTasks\infBranchAdd.vue
FN:57,data
FN:73,getDepartments
FN:74,(anonymous_4)
FN:76,(anonymous_5)
FN:80,validateData
FN:85,newBranch
FN:87,(anonymous_8)
FN:98,(anonymous_9)
FN:99,(anonymous_10)
FN:104,(anonymous_11)
FN:108,mounted
FNF:11
FNH:0
FNDA:0,data
FNDA:0,getDepartments
FNDA:0,(anonymous_4)
FNDA:0,(anonymous_5)
FNDA:0,validateData
FNDA:0,newBranch
FNDA:0,(anonymous_8)
FNDA:0,(anonymous_9)
FNDA:0,(anonymous_10)
FNDA:0,(anonymous_11)
FNDA:0,mounted
DA:53,0
DA:58,0
DA:73,0
DA:74,0
DA:75,0
DA:77,0
DA:81,0
DA:82,0
DA:86,0
DA:87,0
DA:95,0
DA:96,0
DA:97,0
DA:98,0
DA:100,0
DA:101,0
DA:102,0
DA:103,0
DA:104,0
DA:109,0
LF:20
LH:0
BRDA:81,0,0,0
BRDA:81,0,1,0
BRF:2
BRH:0
end_of_record
TN:
SF:D:\-EMTE-\State Exam\tunde-part\frontend\sapi3dtour\src\components\userTasks\infBranchAddUpd.vue
FN:22,data
FNF:1
FNH:0
FNDA:0,data
DA:16,0
DA:17,0
DA:23,0
LF:3
LH:0
BRF:0
BRH:0
end_of_record
TN:
SF:D:\-EMTE-\State Exam\tunde-part\frontend\sapi3dtour\src\components\userTasks\infBranchUpd.vue
FN:66,data
FN:85,getBranches
FN:94,(anonymous_4)
FN:96,(anonymous_5)
FN:100,researchBranches
FN:103,(anonymous_7)
FN:114,(anonymous_8)
FN:122,validateData
FN:127,updateBranch
FN:128,(anonymous_11)
FN:141,(anonymous_12)
FN:143,(anonymous_13)
FN:148,(anonymous_14)
FN:154,mounted
FNF:14
FNH:0
FNDA:0,data
FNDA:0,getBranches
FNDA:0,(anonymous_4)
FNDA:0,(anonymous_5)
FNDA:0,researchBranches
FNDA:0,(anonymous_7)
FNDA:0,(anonymous_8)
FNDA:0,validateData
FNDA:0,updateBranch
FNDA:0,(anonymous_11)
FNDA:0,(anonymous_12)
FNDA:0,(anonymous_13)
FNDA:0,(anonymous_14)
FNDA:0,mounted
DA:62,0
DA:67,0
DA:86,0
DA:87,0
DA:88,0
DA:89,0
DA:90,0
DA:91,0
DA:92,0
DA:93,0
DA:94,0
DA:95,0
DA:97,0
DA:100,0
DA:101,0
DA:103,0
DA:106,0
DA:107,0
DA:108,0
DA:109,0
DA:110,0
DA:111,0
DA:112,0
DA:113,0
DA:115,0
DA:116,0
DA:117,0
DA:118,0
DA:123,0
DA:124,0
DA:127,0
DA:128,0
DA:136,0
DA:137,0
DA:138,0
DA:139,0
DA:140,0
DA:141,0
DA:142,0
DA:144,0
DA:145,0
DA:146,0
DA:147,0
DA:148,0
DA:149,0
DA:155,0
LF:46
LH:0
BRDA:101,0,0,0
BRDA:101,0,1,0
BRDA:123,1,0,0
BRDA:123,1,1,0
BRF:4
BRH:0
end_of_record
TN:
SF:D:\-EMTE-\State Exam\tunde-part\frontend\sapi3dtour\src\components\userTasks\infOthersAdd.vue
FN:72,data
FN:86,getDepartments
FN:87,(anonymous_4)
FN:89,(anonymous_5)
FN:93,addTextField
FN:103,addLinkField
FN:113,removeTextField
FN:117,removeLinkField
FN:121,validateData
FN:126,newOthers
FN:129,(anonymous_12)
FN:132,(anonymous_13)
FN:140,(anonymous_14)
FN:151,(anonymous_15)
FN:162,(anonymous_16)
FN:163,(anonymous_17)
FN:167,(anonymous_18)
FN:172,mounted
FNF:18
FNH:0
FNDA:0,data
FNDA:0,getDepartments
FNDA:0,(anonymous_4)
FNDA:0,(anonymous_5)
FNDA:0,addTextField
FNDA:0,addLinkField
FNDA:0,removeTextField
FNDA:0,removeLinkField
FNDA:0,validateData
FNDA:0,newOthers
FNDA:0,(anonymous_12)
FNDA:0,(anonymous_13)
FNDA:0,(anonymous_14)
FNDA:0,(anonymous_15)
FNDA:0,(anonymous_16)
FNDA:0,(anonymous_17)
FNDA:0,(anonymous_18)
FNDA:0,mounted
DA:68,0
DA:73,0
DA:86,0
DA:87,0
DA:88,0
DA:90,0
DA:94,0
DA:98,0
DA:100,0
DA:104,0
DA:108,0
DA:110,0
DA:114,0
DA:115,0
DA:118,0
DA:119,0
DA:122,0
DA:123,0
DA:127,0
DA:128,0
DA:129,0
DA:130,0
DA:132,0
DA:133,0
DA:135,0
DA:137,0
DA:138,0
DA:139,0
DA:140,0
DA:144,0
DA:146,0
DA:148,0
DA:151,0
DA:159,0
DA:160,0
DA:161,0
DA:162,0
DA:164,0
DA:165,0
DA:166,0
DA:167,0
DA:173,0
DA:174,0
LF:43
LH:0
BRDA:98,0,0,0
BRDA:98,0,1,0
BRDA:108,1,0,0
BRDA:108,1,1,0
BRDA:122,2,0,0
BRDA:122,2,1,0
BRDA:135,3,0,0
BRDA:135,3,1,0
BRDA:144,4,0,0
BRDA:144,4,1,0
BRF:10
BRH:0
end_of_record
TN:
SF:D:\-EMTE-\State Exam\tunde-part\frontend\sapi3dtour\src\components\userTasks\infOthersAddUpd.vue
FN:20,data
FNF:1
FNH:0
FNDA:0,data
DA:15,0
DA:21,0
LF:2
LH:0
BRF:0
BRH:0
end_of_record
TN:
SF:D:\-EMTE-\State Exam\tunde-part\frontend\sapi3dtour\src\plugins\vuetify.js
FNF:0
FNH:0
DA:1,0
DA:2,0
LF:2
LH:0
BRF:0
BRH:0
end_of_record
TN:
SF:D:\-EMTE-\State Exam\tunde-part\frontend\sapi3dtour\src\router\index.js
FNF:0
FNH:0
DA:1,0
DA:2,0
DA:3,0
DA:4,0
DA:5,0
DA:6,0
DA:7,0
DA:8,0
LF:8
LH:0
BRF:0
BRH:0
end_of_record
TN:
SF:D:\-EMTE-\State Exam\tunde-part\frontend\sapi3dtour\src\services\Api.js
FNF:0
FNH:0
DA:1,0
DA:4,0
LF:2
LH:0
BRF:0
BRH:0
end_of_record
TN:
SF:D:\-EMTE-\State Exam\tunde-part\frontend\sapi3dtour\src\services\AuthHeader.js
FN:1,authHeader
FNF:1
FNH:0
FNDA:0,authHeader
DA:2,0
DA:3,0
DA:5,0
DA:6,0
DA:8,0
LF:5
LH:0
BRDA:5,0,0,0
BRDA:5,0,1,0
BRDA:5,1,0,0
BRDA:5,1,1,0
BRF:4
BRH:0
end_of_record
TN:
SF:D:\-EMTE-\State Exam\tunde-part\frontend\sapi3dtour\src\services\AuthService.js
FN:6,(anonymous_1)
FN:6,_callee
FN:6,_callee$
FN:6,loginVerification
FN:10,(anonymous_5)
FN:10,_callee2
FN:10,_callee2$
FN:10,getUser
FN:14,(anonymous_9)
FN:14,_callee3
FN:14,_callee3$
FN:14,registerUser
FN:18,(anonymous_13)
FN:18,_callee4
FN:18,_callee4$
FN:18,addPassword
FNF:16
FNH:0
FNDA:0,(anonymous_1)
FNDA:0,_callee
FNDA:0,_callee$
FNDA:0,loginVerification
FNDA:0,(anonymous_5)
FNDA:0,_callee2
FNDA:0,_callee2$
FNDA:0,getUser
FNDA:0,(anonymous_9)
FNDA:0,_callee3
FNDA:0,_callee3$
FNDA:0,registerUser
FNDA:0,(anonymous_13)
FNDA:0,_callee4
FNDA:0,_callee4$
FNDA:0,addPassword
DA:1,0
DA:2,0
DA:6,0
DA:7,0
DA:10,0
DA:11,0
DA:14,0
DA:15,0
DA:18,0
DA:19,0
LF:10
LH:0
BRDA:6,0,0,0
BRDA:6,0,1,0
BRDA:6,0,2,0
BRDA:10,1,0,0
BRDA:10,1,1,0
BRDA:10,1,2,0
BRDA:14,2,0,0
BRDA:14,2,1,0
BRDA:14,2,2,0
BRDA:18,3,0,0
BRDA:18,3,1,0
BRDA:18,3,2,0
BRF:12
BRH:0
end_of_record
TN:
SF:D:\-EMTE-\State Exam\tunde-part\frontend\sapi3dtour\src\services\generalTasks.js
FN:4,(anonymous_1)
FN:4,_callee
FN:4,getDepartments
FN:8,(anonymous_5)
FN:8,_callee2
FN:8,_callee2$
FN:8,getBranches
FN:12,(anonymous_9)
FN:12,_callee3
FN:12,_callee3$
FN:12,getOtherBranches
FNF:11
FNH:0
FNDA:0,(anonymous_1)
FNDA:0,_callee
FNDA:0,getDepartments
FNDA:0,(anonymous_5)
FNDA:0,_callee2
FNDA:0,_callee2$
FNDA:0,getBranches
FNDA:0,(anonymous_9)
FNDA:0,_callee3
FNDA:0,_callee3$
FNDA:0,getOtherBranches
DA:1,0
DA:4,0
DA:5,0
DA:8,0
DA:9,0
DA:12,0
DA:13,0
LF:7
LH:0
BRDA:4,0,0,0
BRDA:4,0,1,0
BRDA:4,0,2,0
BRDA:8,1,0,0
BRDA:8,1,1,0
BRDA:8,1,2,0
BRDA:12,2,0,0
BRDA:12,2,1,0
BRDA:12,2,2,0
BRF:9
BRH:0
end_of_record
TN:
SF:D:\-EMTE-\State Exam\tunde-part\frontend\sapi3dtour\src\services\userTasks.js
FN:5,(anonymous_1)
FN:5,_callee
FN:5,_callee$
FN:5,updateUser
FN:9,(anonymous_5)
FN:9,_callee2
FN:9,getUsersEmail
FN:13,(anonymous_9)
FN:13,_callee3
FN:13,_callee3$
FN:13,getUserEmail
FN:17,(anonymous_13)
FN:17,_callee4
FN:17,_callee4$
FN:17,deleteUserEmail
FN:21,(anonymous_17)
FN:21,_callee5
FN:21,_callee5$
FN:21,addDepartment
FN:25,(anonymous_21)
FN:25,_callee6
FN:25,_callee6$
FN:25,getDepartment
FN:29,(anonymous_25)
FN:29,_callee7
FN:29,getDepartmentsDepartmentName
FN:33,(anonymous_29)
FN:33,_callee8
FN:33,_callee8$
FN:33,updateDepartment
FN:37,(anonymous_33)
FN:37,_callee9
FN:37,_callee9$
FN:37,addBranch
FN:41,(anonymous_37)
FN:41,_callee10
FN:41,getBranchesName
FN:45,(anonymous_41)
FN:45,_callee11
FN:45,_callee11$
FN:45,getBranchByName
FN:49,(anonymous_45)
FN:49,_callee12
FN:49,_callee12$
FN:49,updateBranch
FN:53,(anonymous_49)
FN:53,_callee13
FN:53,_callee13$
FN:53,addOtherBranch
FNF:49
FNH:0
FNDA:0,(anonymous_1)
FNDA:0,_callee
FNDA:0,_callee$
FNDA:0,updateUser
FNDA:0,(anonymous_5)
FNDA:0,_callee2
FNDA:0,getUsersEmail
FNDA:0,(anonymous_9)
FNDA:0,_callee3
FNDA:0,_callee3$
FNDA:0,getUserEmail
FNDA:0,(anonymous_13)
FNDA:0,_callee4
FNDA:0,_callee4$
FNDA:0,deleteUserEmail
FNDA:0,(anonymous_17)
FNDA:0,_callee5
FNDA:0,_callee5$
FNDA:0,addDepartment
FNDA:0,(anonymous_21)
FNDA:0,_callee6
FNDA:0,_callee6$
FNDA:0,getDepartment
FNDA:0,(anonymous_25)
FNDA:0,_callee7
FNDA:0,getDepartmentsDepartmentName
FNDA:0,(anonymous_29)
FNDA:0,_callee8
FNDA:0,_callee8$
FNDA:0,updateDepartment
FNDA:0,(anonymous_33)
FNDA:0,_callee9
FNDA:0,_callee9$
FNDA:0,addBranch
FNDA:0,(anonymous_37)
FNDA:0,_callee10
FNDA:0,getBranchesName
FNDA:0,(anonymous_41)
FNDA:0,_callee11
FNDA:0,_callee11$
FNDA:0,getBranchByName
FNDA:0,(anonymous_45)
FNDA:0,_callee12
FNDA:0,_callee12$
FNDA:0,updateBranch
FNDA:0,(anonymous_49)
FNDA:0,_callee13
FNDA:0,_callee13$
FNDA:0,addOtherBranch
DA:1,0
DA:2,0
DA:5,0
DA:6,0
DA:9,0
DA:10,0
DA:13,0
DA:14,0
DA:17,0
DA:18,0
DA:21,0
DA:22,0
DA:25,0
DA:26,0
DA:29,0
DA:30,0
DA:33,0
DA:34,0
DA:37,0
DA:38,0
DA:41,0
DA:42,0
DA:45,0
DA:46,0
DA:49,0
DA:50,0
DA:53,0
DA:54,0
LF:28
LH:0
BRDA:5,0,0,0
BRDA:5,0,1,0
BRDA:5,0,2,0
BRDA:9,1,0,0
BRDA:9,1,1,0
BRDA:9,1,2,0
BRDA:13,2,0,0
BRDA:13,2,1,0
BRDA:13,2,2,0
BRDA:17,3,0,0
BRDA:17,3,1,0
BRDA:17,3,2,0
BRDA:21,4,0,0
BRDA:21,4,1,0
BRDA:21,4,2,0
BRDA:25,5,0,0
BRDA:25,5,1,0
BRDA:25,5,2,0
BRDA:29,6,0,0
BRDA:29,6,1,0
BRDA:29,6,2,0
BRDA:33,7,0,0
BRDA:33,7,1,0
BRDA:33,7,2,0
BRDA:37,8,0,0
BRDA:37,8,1,0
BRDA:37,8,2,0
BRDA:41,9,0,0
BRDA:41,9,1,0
BRDA:41,9,2,0
BRDA:45,10,0,0
BRDA:45,10,1,0
BRDA:45,10,2,0
BRDA:49,11,0,0
BRDA:49,11,1,0
BRDA:49,11,2,0
BRDA:53,12,0,0
BRDA:53,12,1,0
BRDA:53,12,2,0
BRF:39
BRH:0
end_of_record
TN:
SF:D:\-EMTE-\State Exam\tunde-part\frontend\sapi3dtour\test\e2e\nightwatch.conf.js
FNF:0
FNH:0
DA:1,0
DA:2,0
DA:5,0
LF:3
LH:0
BRDA:26,0,0,0
BRDA:26,0,1,0
BRF:2
BRH:0
end_of_record
TN:
SF:D:\-EMTE-\State Exam\tunde-part\frontend\sapi3dtour\test\e2e\runner.js
FN:12,(anonymous_0)
FN:20,(anonymous_1)
FN:39,(anonymous_2)
FN:44,(anonymous_3)
FNF:4
FNH:0
FNDA:0,(anonymous_0)
FNDA:0,(anonymous_1)
FNDA:0,(anonymous_2)
FNDA:0,(anonymous_3)
DA:2,0
DA:4,0
DA:5,0
DA:7,0
DA:8,0
DA:10,0
DA:12,0
DA:13,0
DA:14,0
DA:15,0
DA:16,0
DA:17,0
DA:18,0
DA:28,0
DA:29,0
DA:30,0
DA:32,0
DA:33,0
DA:36,0
DA:37,0
DA:39,0
DA:40,0
DA:41,0
DA:44,0
DA:45,0
DA:46,0
LF:26
LH:0
BRDA:29,0,0,0
BRDA:29,0,1,0
BRDA:32,1,0,0
BRDA:32,1,1,0
BRF:4
BRH:0
end_of_record
TN:
SF:D:\-EMTE-\State Exam\tunde-part\frontend\sapi3dtour\test\e2e\custom-assertions\elementCount.js
FN:10,(anonymous_0)
FN:13,(anonymous_1)
FN:16,(anonymous_2)
FN:19,(anonymous_3)
FN:21,(anonymous_4)
FN:23,(anonymous_5)
FNF:6
FNH:0
FNDA:0,(anonymous_0)
FNDA:0,(anonymous_1)
FNDA:0,(anonymous_2)
FNDA:0,(anonymous_3)
FNDA:0,(anonymous_4)
FNDA:0,(anonymous_5)
DA:10,0
DA:11,0
DA:12,0
DA:13,0
DA:14,0
DA:16,0
DA:17,0
DA:19,0
DA:20,0
DA:21,0
DA:22,0
DA:24,0
LF:12
LH:0
BRF:0
BRH:0
end_of_record
TN:
SF:D:\-EMTE-\State Exam\tunde-part\frontend\sapi3dtour\test\unit\jest.conf.js
FNF:0
FNH:0
DA:1,0
DA:3,0
LF:2
LH:0
BRF:0
BRH:0
end_of_record
TN:
SF:D:\-EMTE-\State Exam\tunde-part\frontend\sapi3dtour\test\unit\setup.js
FNF:0
FNH:0
DA:3,6
LF:1
LH:1
BRF:0
BRH:0
end_of_record
TN:
SF:D:\-EMTE-\State Exam\tunde-part\frontend\sapi3dtour\test\unit\coverage\lcov-report\prettify.js
FN:1,(anonymous_0)
FN:1,k
FN:1,ab
FN:1,T
FN:1,X
FN:1,(anonymous_5)
FN:1,W
FN:1,(anonymous_7)
FN:1,a
FN:1,aa
FN:1,B
FN:1,o
FN:1,g
FN:1,(anonymous_13)
FN:1,W
FN:1,i
FN:1,Q
FN:1,ae
FN:1,ad
FN:1,ai
FN:1,D
FN:1,c
FN:1,q
FN:1,d
FN:1,y
FN:1,b
FN:1,Y
FN:1,now
FN:1,U
FNF:29
FNH:0
FNDA:0,(anonymous_0)
FNDA:0,k
FNDA:0,ab
FNDA:0,T
FNDA:0,X
FNDA:0,(anonymous_5)
FNDA:0,W
FNDA:0,(anonymous_7)
FNDA:0,a
FNDA:0,aa
FNDA:0,B
FNDA:0,o
FNDA:0,g
FNDA:0,(anonymous_13)
FNDA:0,W
FNDA:0,i
FNDA:0,Q
FNDA:0,ae
FNDA:0,ad
FNDA:0,ai
FNDA:0,D
FNDA:0,c
FNDA:0,q
FNDA:0,d
FNDA:0,y
FNDA:0,b
FNDA:0,Y
FNDA:0,now
FNDA:0,U
DA:1,0
LF:1
LH:0
BRDA:1,0,0,0
BRDA:1,0,1,0
BRDA:1,1,0,0
BRDA:1,1,1,0
BRDA:1,2,0,0
BRDA:1,2,1,0
BRDA:1,3,0,0
BRDA:1,3,1,0
BRDA:1,4,0,0
BRDA:1,4,1,0
BRDA:1,5,0,0
BRDA:1,5,1,0
BRDA:1,6,0,0
BRDA:1,6,1,0
BRDA:1,7,0,0
BRDA:1,7,1,0
BRDA:1,8,0,0
BRDA:1,8,1,0
BRDA:1,9,0,0
BRDA:1,9,1,0
BRDA:1,10,0,0
BRDA:1,10,1,0
BRDA:1,11,0,0
BRDA:1,11,1,0
BRDA:1,11,2,0
BRDA:1,11,3,0
BRDA:1,12,0,0
BRDA:1,12,1,0
BRDA:1,13,0,0
BRDA:1,13,1,0
BRDA:1,14,0,0
BRDA:1,14,1,0
BRDA:1,15,0,0
BRDA:1,15,1,0
BRDA:1,16,0,0
BRDA:1,16,1,0
BRDA:1,17,0,0
BRDA:1,17,1,0
BRDA:1,18,0,0
BRDA:1,18,1,0
BRDA:1,19,0,0
BRDA:1,19,1,0
BRDA:1,20,0,0
BRDA:1,20,1,0
BRDA:1,21,0,0
BRDA:1,21,1,0
BRDA:1,22,0,0
BRDA:1,22,1,0
BRDA:1,23,0,0
BRDA:1,23,1,0
BRDA:1,24,0,0
BRDA:1,24,1,0
BRDA:1,25,0,0
BRDA:1,25,1,0
BRDA:1,26,0,0
BRDA:1,26,1,0
BRDA:1,27,0,0
BRDA:1,27,1,0
BRDA:1,28,0,0
BRDA:1,28,1,0
BRDA:1,29,0,0
BRDA:1,29,1,0
BRDA:1,30,0,0
BRDA:1,30,1,0
BRDA:1,31,0,0
BRDA:1,31,1,0
BRDA:1,32,0,0
BRDA:1,32,1,0
BRDA:1,33,0,0
BRDA:1,33,1,0
BRDA:1,34,0,0
BRDA:1,34,1,0
BRDA:1,35,0,0
BRDA:1,35,1,0
BRDA:1,36,0,0
BRDA:1,36,1,0
BRDA:1,37,0,0
BRDA:1,37,1,0
BRDA:1,38,0,0
BRDA:1,38,1,0
BRDA:1,39,0,0
BRDA:1,39,1,0
BRDA:1,40,0,0
BRDA:1,40,1,0
BRDA:1,41,0,0
BRDA:1,41,1,0
BRDA:1,42,0,0
BRDA:1,42,1,0
BRDA:1,43,0,0
BRDA:1,43,1,0
BRDA:1,44,0,0
BRDA:1,44,1,0
BRDA:1,45,0,0
BRDA:1,45,1,0
BRDA:1,46,0,0
BRDA:1,46,1,0
BRDA:1,47,0,0
BRDA:1,47,1,0
BRDA:1,48,0,0
BRDA:1,48,1,0
BRDA:1,49,0,0
BRDA:1,49,1,0
BRDA:1,49,2,0
BRDA:1,50,0,0
BRDA:1,50,1,0
BRDA:1,51,0,0
BRDA:1,51,1,0
BRDA:1,52,0,0
BRDA:1,52,1,0
BRDA:1,53,0,0
BRDA:1,53,1,0
BRDA:1,54,0,0
BRDA:1,54,1,0
BRDA:1,55,0,0
BRDA:1,55,1,0
BRDA:1,56,0,0
BRDA:1,56,1,0
BRDA:1,57,0,0
BRDA:1,57,1,0
BRDA:1,58,0,0
BRDA:1,58,1,0
BRDA:1,59,0,0
BRDA:1,59,1,0
BRDA:1,60,0,0
BRDA:1,60,1,0
BRDA:1,61,0,0
BRDA:1,61,1,0
BRDA:1,62,0,0
BRDA:1,62,1,0
BRDA:1,63,0,0
BRDA:1,63,1,0
BRDA:1,64,0,0
BRDA:1,64,1,0
BRDA:1,65,0,0
BRDA:1,65,1,0
BRDA:1,66,0,0
BRDA:1,66,1,0
BRDA:1,67,0,0
BRDA:1,67,1,0
BRDA:1,68,0,0
BRDA:1,68,1,0
BRDA:1,69,0,0
BRDA:1,69,1,0
BRDA:1,70,0,0
BRDA:1,70,1,0
BRDA:1,71,0,0
BRDA:1,71,1,0
BRDA:1,72,0,0
BRDA:1,72,1,0
BRDA:1,73,0,0
BRDA:1,73,1,0
BRDA:1,74,0,0
BRDA:1,74,1,0
BRDA:1,75,0,0
BRDA:1,75,1,0
BRDA:1,76,0,0
BRDA:1,76,1,0
BRDA:1,77,0,0
BRDA:1,77,1,0
BRDA:1,78,0,0
BRDA:1,78,1,0
BRDA:1,79,0,0
BRDA:1,79,1,0
BRDA:1,80,0,0
BRDA:1,80,1,0
BRDA:1,81,0,0
BRDA:1,81,1,0
BRDA:1,82,0,0
BRDA:1,82,1,0
BRDA:1,83,0,0
BRDA:1,83,1,0
BRDA:1,84,0,0
BRDA:1,84,1,0
BRDA:1,85,0,0
BRDA:1,85,1,0
BRDA:1,86,0,0
BRDA:1,86,1,0
BRDA:1,87,0,0
BRDA:1,87,1,0
BRDA:1,88,0,0
BRDA:1,88,1,0
BRDA:1,88,2,0
BRDA:1,89,0,0
BRDA:1,89,1,0
BRDA:1,90,0,0
BRDA:1,90,1,0
BRDA:1,91,0,0
BRDA:1,91,1,0
BRDA:1,92,0,0
BRDA:1,92,1,0
BRDA:1,93,0,0
BRDA:1,93,1,0
BRDA:1,94,0,0
BRDA:1,94,1,0
BRDA:1,95,0,0
BRDA:1,95,1,0
BRDA:1,96,0,0
BRDA:1,96,1,0
BRDA:1,97,0,0
BRDA:1,97,1,0
BRDA:1,98,0,0
BRDA:1,98,1,0
BRDA:1,99,0,0
BRDA:1,99,1,0
BRDA:1,100,0,0
BRDA:1,100,1,0
BRDA:1,101,0,0
BRDA:1,101,1,0
BRDA:1,102,0,0
BRDA:1,102,1,0
BRDA:1,103,0,0
BRDA:1,103,1,0
BRDA:1,104,0,0
BRDA:1,104,1,0
BRDA:1,105,0,0
BRDA:1,105,1,0
BRDA:1,106,0,0
BRDA:1,106,1,0
BRDA:1,107,0,0
BRDA:1,107,1,0
BRDA:1,108,0,0
BRDA:1,108,1,0
BRDA:1,109,0,0
BRDA:1,109,1,0
BRDA:1,110,0,0
BRDA:1,110,1,0
BRDA:1,111,0,0
BRDA:1,111,1,0
BRDA:1,112,0,0
BRDA:1,112,1,0
BRDA:1,113,0,0
BRDA:1,113,1,0
BRDA:1,114,0,0
BRDA:1,114,1,0
BRDA:1,115,0,0
BRDA:1,115,1,0
BRDA:1,116,0,0
BRDA:1,116,1,0
BRDA:1,117,0,0
BRDA:1,117,1,0
BRDA:1,118,0,0
BRDA:1,118,1,0
BRDA:1,119,0,0
BRDA:1,119,1,0
BRDA:1,120,0,0
BRDA:1,120,1,0
BRDA:1,121,0,0
BRDA:1,121,1,0
BRDA:1,122,0,0
BRDA:1,122,1,0
BRDA:1,123,0,0
BRDA:1,123,1,0
BRDA:1,124,0,0
BRDA:1,124,1,0
BRDA:1,125,0,0
BRDA:1,125,1,0
BRDA:1,126,0,0
BRDA:1,126,1,0
BRDA:1,127,0,0
BRDA:1,127,1,0
BRDA:1,127,2,0
BRDA:1,128,0,0
BRDA:1,128,1,0
BRDA:1,129,0,0
BRDA:1,129,1,0
BRDA:1,130,0,0
BRDA:1,130,1,0
BRDA:1,130,2,0
BRDA:1,130,3,0
BRDA:1,130,4,0
BRDA:1,131,0,0
BRDA:1,131,1,0
BRDA:1,132,0,0
BRDA:1,132,1,0
BRDA:1,133,0,0
BRDA:1,133,1,0
BRDA:1,134,0,0
BRDA:1,134,1,0
BRDA:1,135,0,0
BRDA:1,135,1,0
BRDA:1,136,0,0
BRDA:1,136,1,0
BRDA:1,137,0,0
BRDA:1,137,1,0
BRF:284
BRH:0
end_of_record
TN:
SF:D:\-EMTE-\State Exam\tunde-part\frontend\sapi3dtour\test\unit\coverage\lcov-report\sorter.js
FN:1,(anonymous_0)
FN:10,getTable
FN:12,getTableHeader
FN:14,getTableBody
FN:16,getNthColumn
FN:19,loadColumns
FN:43,loadRowData
FN:62,loadData
FN:71,sortByIndex
FN:73,sorter
FN:85,finalSorter
FN:102,removeSortIndicators
FN:110,addSortIndicators
FN:114,enableUI
FN:117,ithSorter
FN:120,(anonymous_15)
FN:147,(anonymous_16)
FNF:17
FNH:0
FNDA:0,(anonymous_0)
FNDA:0,getTable
FNDA:0,getTableHeader
FNDA:0,getTableBody
FNDA:0,getNthColumn
FNDA:0,loadColumns
FNDA:0,loadRowData
FNDA:0,loadData
FNDA:0,sortByIndex
FNDA:0,sorter
FNDA:0,finalSorter
FNDA:0,removeSortIndicators
FNDA:0,addSortIndicators
FNDA:0,enableUI
FNDA:0,ithSorter
FNDA:0,(anonymous_15)
FNDA:0,(anonymous_16)
DA:1,0
DA:4,0
DA:10,0
DA:12,0
DA:14,0
DA:16,0
DA:20,0
DA:22,0
DA:26,0
DA:27,0
DA:28,0
DA:33,0
DA:34,0
DA:35,0
DA:36,0
DA:39,0
DA:44,0
DA:47,0
DA:50,0
DA:51,0
DA:52,0
DA:53,0
DA:54,0
DA:55,0
DA:57,0
DA:59,0
DA:63,0
DA:66,0
DA:67,0
DA:72,0
DA:73,0
DA:74,0
DA:75,0
DA:76,0
DA:78,0
DA:79,0
DA:80,0
DA:81,0
DA:84,0
DA:85,0
DA:86,0
DA:90,0
DA:91,0
DA:92,0
DA:95,0
DA:97,0
DA:98,0
DA:103,0
DA:104,0
DA:106,0
DA:107,0
DA:111,0
DA:117,0
DA:118,0
DA:120,0
DA:121,0
DA:123,0
DA:124,0
DA:126,0
DA:127,0
DA:128,0
DA:129,0
DA:130,0
DA:133,0
DA:134,0
DA:137,0
DA:138,0
DA:139,0
DA:141,0
DA:147,0
DA:148,0
DA:149,0
DA:151,0
DA:152,0
DA:153,0
DA:154,0
DA:158,0
LF:77
LH:0
BRDA:31,0,0,0
BRDA:31,0,1,0
BRDA:34,1,0,0
BRDA:34,1,1,0
BRDA:54,2,0,0
BRDA:54,2,1,0
BRDA:76,3,0,0
BRDA:76,3,1,0
BRDA:76,4,0,0
BRDA:76,4,1,0
BRDA:84,5,0,0
BRDA:84,5,1,0
BRDA:111,6,0,0
BRDA:111,6,1,0
BRDA:123,7,0,0
BRDA:123,7,1,0
BRDA:134,8,0,0
BRDA:134,8,1,0
BRDA:138,9,0,0
BRDA:138,9,1,0
BRDA:148,10,0,0
BRDA:148,10,1,0
BRF:22
BRH:0
end_of_record
